github.com/seborama/gal/v6/function.go:13:	String				100.0%
github.com/seborama/gal/v6/function.go:26:	NewFunction			100.0%
github.com/seborama/gal/v6/function.go:34:	kind				100.0%
github.com/seborama/gal/v6/function.go:38:	Equal				100.0%
github.com/seborama/gal/v6/function.go:47:	Eval				83.3%
github.com/seborama/gal/v6/function.go:75:	PreDefinedFunction		100.0%
github.com/seborama/gal/v6/function.go:89:	UserDefinedFunction		0.0%
github.com/seborama/gal/v6/function.go:97:	Pi				66.7%
github.com/seborama/gal/v6/function.go:106:	PiLong				75.0%
github.com/seborama/gal/v6/function.go:117:	Factorial			60.0%
github.com/seborama/gal/v6/function.go:129:	Cos				66.7%
github.com/seborama/gal/v6/function.go:143:	Sin				66.7%
github.com/seborama/gal/v6/function.go:157:	Tan				66.7%
github.com/seborama/gal/v6/function.go:171:	Sqrt				66.7%
github.com/seborama/gal/v6/function.go:185:	Floor				66.7%
github.com/seborama/gal/v6/function.go:198:	Trunc				70.0%
github.com/seborama/gal/v6/gal.go:31:		Parse				80.0%
github.com/seborama/gal/v6/operator.go:5:	kind				100.0%
github.com/seborama/gal/v6/operator.go:9:	String				100.0%
github.com/seborama/gal/v6/operator.go:25:	powerOperators			100.0%
github.com/seborama/gal/v6/operator.go:29:	multiplicativeOperators		100.0%
github.com/seborama/gal/v6/operator.go:33:	additiveOperators		100.0%
github.com/seborama/gal/v6/operator.go:37:	bitwiseShiftOperators		100.0%
github.com/seborama/gal/v6/tree.go:20:		TrunkLen			100.0%
github.com/seborama/gal/v6/tree.go:25:		FullLen				100.0%
github.com/seborama/gal/v6/tree.go:44:		Function			60.0%
github.com/seborama/gal/v6/tree.go:62:		Variable			100.0%
github.com/seborama/gal/v6/tree.go:75:		WithVariables			100.0%
github.com/seborama/gal/v6/tree.go:83:		WithFunctions			100.0%
github.com/seborama/gal/v6/tree.go:92:		Eval				100.0%
github.com/seborama/gal/v6/tree.go:117:		Split				100.0%
github.com/seborama/gal/v6/tree.go:142:		Calc				88.0%
github.com/seborama/gal/v6/tree.go:245:		CleanUp				100.0%
github.com/seborama/gal/v6/tree.go:252:		cleansePlusMinusTreeStart	87.5%
github.com/seborama/gal/v6/tree.go:270:		kind				100.0%
github.com/seborama/gal/v6/tree.go:274:		calculate			91.7%
github.com/seborama/gal/v6/tree_builder.go:11:	NewTreeBuilder			100.0%
github.com/seborama/gal/v6/tree_builder.go:15:	FromExpr			80.0%
github.com/seborama/gal/v6/tree_builder.go:101:	extractPart			93.9%
github.com/seborama/gal/v6/tree_builder.go:165:	readString			76.9%
github.com/seborama/gal/v6/tree_builder.go:189:	readVariable			100.0%
github.com/seborama/gal/v6/tree_builder.go:209:	readFunctionName		87.5%
github.com/seborama/gal/v6/tree_builder.go:225:	readFunctionArguments		95.0%
github.com/seborama/gal/v6/tree_builder.go:258:	readNumber			100.0%
github.com/seborama/gal/v6/tree_builder.go:283:	squashPlusMinusChain		100.0%
github.com/seborama/gal/v6/tree_builder.go:308:	isBlankSpace			100.0%
github.com/seborama/gal/v6/tree_builder.go:312:	readOperator			100.0%
github.com/seborama/gal/v6/tree_builder.go:331:	isOperator			100.0%
github.com/seborama/gal/v6/value.go:20:		ToNumber			100.0%
github.com/seborama/gal/v6/value.go:28:		NewString			100.0%
github.com/seborama/gal/v6/value.go:32:		kind				100.0%
github.com/seborama/gal/v6/value.go:36:		Equal				100.0%
github.com/seborama/gal/v6/value.go:40:		Add				0.0%
github.com/seborama/gal/v6/value.go:48:		Sub				0.0%
github.com/seborama/gal/v6/value.go:52:		Multiply			0.0%
github.com/seborama/gal/v6/value.go:62:		Divide				0.0%
github.com/seborama/gal/v6/value.go:66:		PowerOf				0.0%
github.com/seborama/gal/v6/value.go:70:		Mod				0.0%
github.com/seborama/gal/v6/value.go:74:		LShift				0.0%
github.com/seborama/gal/v6/value.go:78:		RShift				0.0%
github.com/seborama/gal/v6/value.go:82:		String				100.0%
github.com/seborama/gal/v6/value.go:86:		Number				75.0%
github.com/seborama/gal/v6/value.go:99:		NewNumber			100.0%
github.com/seborama/gal/v6/value.go:105:	NewNumberFromFloat		100.0%
github.com/seborama/gal/v6/value.go:111:	NewNumberFromString		75.0%
github.com/seborama/gal/v6/value.go:120:	kind				100.0%
github.com/seborama/gal/v6/value.go:124:	Equal				100.0%
github.com/seborama/gal/v6/value.go:128:	Add				66.7%
github.com/seborama/gal/v6/value.go:136:	Sub				40.0%
github.com/seborama/gal/v6/value.go:151:	Multiply			66.7%
github.com/seborama/gal/v6/value.go:161:	Divide				66.7%
github.com/seborama/gal/v6/value.go:171:	PowerOf				66.7%
github.com/seborama/gal/v6/value.go:181:	Mod				66.7%
github.com/seborama/gal/v6/value.go:191:	LShift				57.1%
github.com/seborama/gal/v6/value.go:208:	RShift				57.1%
github.com/seborama/gal/v6/value.go:225:	Neg				0.0%
github.com/seborama/gal/v6/value.go:231:	Sin				100.0%
github.com/seborama/gal/v6/value.go:237:	Cos				100.0%
github.com/seborama/gal/v6/value.go:243:	Sqrt				75.0%
github.com/seborama/gal/v6/value.go:254:	Tan				100.0%
github.com/seborama/gal/v6/value.go:260:	Floor				100.0%
github.com/seborama/gal/v6/value.go:266:	Trunc				100.0%
github.com/seborama/gal/v6/value.go:272:	Factorial			88.9%
github.com/seborama/gal/v6/value.go:291:	String				100.0%
github.com/seborama/gal/v6/value.go:295:	Number				100.0%
github.com/seborama/gal/v6/value.go:299:	Float64				100.0%
github.com/seborama/gal/v6/value.go:303:	Int64				100.0%
github.com/seborama/gal/v6/value.go:311:	NewUndefined			0.0%
github.com/seborama/gal/v6/value.go:315:	NewUndefinedWithReasonf		100.0%
github.com/seborama/gal/v6/value.go:321:	kind				100.0%
github.com/seborama/gal/v6/value.go:325:	Equal				100.0%
github.com/seborama/gal/v6/value.go:329:	Add				0.0%
github.com/seborama/gal/v6/value.go:333:	Sub				0.0%
github.com/seborama/gal/v6/value.go:337:	Multiply			0.0%
github.com/seborama/gal/v6/value.go:341:	Divide				0.0%
github.com/seborama/gal/v6/value.go:345:	PowerOf				0.0%
github.com/seborama/gal/v6/value.go:349:	Mod				0.0%
github.com/seborama/gal/v6/value.go:353:	LShift				0.0%
github.com/seborama/gal/v6/value.go:357:	RShift				0.0%
github.com/seborama/gal/v6/value.go:361:	String				0.0%
github.com/seborama/gal/v6/variable.go:7:	NewVariable			100.0%
github.com/seborama/gal/v6/variable.go:13:	kind				100.0%
github.com/seborama/gal/v6/variable.go:17:	String				0.0%
total:						(statements)			80.0%
